<?xml version="1.0" encoding="UTF-8"?>

<mule xmlns:xsi="http://www.w3.org/2001/XMLSchema-instance"
	xmlns:munit="http://www.mulesoft.org/schema/mule/munit" xmlns:munit-tools="http://www.mulesoft.org/schema/mule/munit-tools"
	xmlns="http://www.mulesoft.org/schema/mule/core" xmlns:doc="http://www.mulesoft.org/schema/mule/documentation"
	xsi:schemaLocation="
		http://www.mulesoft.org/schema/mule/core http://www.mulesoft.org/schema/mule/core/current/mule.xsd
		http://www.mulesoft.org/schema/mule/munit http://www.mulesoft.org/schema/mule/munit/current/mule-munit.xsd
		http://www.mulesoft.org/schema/mule/munit-tools  http://www.mulesoft.org/schema/mule/munit-tools/current/mule-munit-tools.xsd">
	<munit:config name="test-app-usingmunit-test-suite.xml" />
	<munit:test name="test-app-usingmunit-test-suite-test-app-usingmunitFlowTest" doc:id="6ff4941b-bd45-4664-aeec-1814ed23ea99" description="Test">
		<munit:behavior >
			<munit:set-event doc:name="Set Event" doc:id="23b10293-8320-4713-85c7-289c2f6688df" >
				<munit:attributes value="#[{queryParams: {num1: '10',num2: '23'}}]" />
			</munit:set-event>
		</munit:behavior>
		<munit:execution >
			<flow-ref doc:name="Flow-ref to test-app-usingmunitFlow" doc:id="1d3efe5b-581c-4332-8279-468921f02123" name="test-app-usingmunitFlow"/>
		</munit:execution>
	</munit:test>


</mule>
